<?xml version="1.0" encoding="UTF-8"?>
<!-- Generated by org.testng.reporters.JUnitXMLReporter -->
<testsuite ignored="0" hostname="DESKTOP-6GBI6I2" failures="0" tests="1" name="Submit Order Test" time="0.103" errors="0" timestamp="2025-03-05T10:44:10 IST">
  <testcase classname="rahulshetty.TestComponent.BaseTest" name="@BeforeMethod launchApplication" time="0.008">
    <failure type="java.io.FileNotFoundException" message="C:\Users\Hi\eclipse\java-2024-12\eclipse\eclipse-workspace\seleniumCourse\seleniumCourse\src\test\java\rahulshetty\TestComponent\GlobalData.properties (The system cannot find the path specified)">
      <![CDATA[java.io.FileNotFoundException: C:\Users\Hi\eclipse\java-2024-12\eclipse\eclipse-workspace\seleniumCourse\seleniumCourse\src\test\java\rahulshetty\TestComponent\GlobalData.properties (The system cannot find the path specified)
at java.base/java.io.FileInputStream.open0(Native Method)
at java.base/java.io.FileInputStream.open(FileInputStream.java:213)
at java.base/java.io.FileInputStream.<init>(FileInputStream.java:152)
at java.base/java.io.FileInputStream.<init>(FileInputStream.java:106)
at rahulshetty.TestComponent.BaseTest.inialization(BaseTest.java:23)
at rahulshetty.TestComponent.BaseTest.launchApplication(BaseTest.java:53)
at java.base/java.util.ArrayList.forEach(ArrayList.java:1596)
... Removed 29 stack frames]]>
    </failure>
  </testcase> <!-- @BeforeMethod launchApplication -->
  <testcase classname="rahulshetty.TestComponent.BaseTest" name="@AfterMethod tearDown" time="0.0">
    <skipped/>
  </testcase> <!-- @AfterMethod tearDown -->
  <testcase classname="rahulshetty.Test.SubmitOrder" name="submitOrder" time="0.001">
    <skipped/>
  </testcase> <!-- submitOrder -->
</testsuite> <!-- Submit Order Test -->
