<?xml version="1.0" encoding="UTF-8"?>
<!-- Generated by org.testng.reporters.JUnitXMLReporter -->
<testsuite ignored="0" hostname="DESKTOP-6GBI6I2" failures="0" tests="2" name="Error Validations Test" time="0.099" errors="0" timestamp="06 Mar 2025 09:10:14 GMT">
  <testcase classname="rahulshetty.TestComponent.BaseTest" name="@BeforeMethod launchApplication" time="0.014">
    <failure type="java.lang.NullPointerException" message="Cannot invoke &amp;quot;org.openqa.selenium.WebDriver.manage()&amp;quot; because &amp;quot;this.driver&amp;quot; is null">
      <![CDATA[java.lang.NullPointerException: Cannot invoke "org.openqa.selenium.WebDriver.manage()" because "this.driver" is null
at rahulshetty.TestComponent.BaseTest.initializeDriver(BaseTest.java:70)
at rahulshetty.TestComponent.BaseTest.launchApplication(BaseTest.java:108)
at java.base/java.util.concurrent.FutureTask.run(FutureTask.java:317)
at java.base/java.util.concurrent.ThreadPoolExecutor.runWorker(ThreadPoolExecutor.java:1144)
at java.base/java.util.concurrent.ThreadPoolExecutor$Worker.run(ThreadPoolExecutor.java:642)
at java.base/java.lang.Thread.run(Thread.java:1583)
... Removed 17 stack frames]]>
    </failure>
  </testcase> <!-- @BeforeMethod launchApplication -->
  <testcase classname="rahulshetty.TestComponent.BaseTest" name="@BeforeMethod launchApplication" time="0.003">
    <failure type="java.lang.NullPointerException" message="Cannot invoke &amp;quot;org.openqa.selenium.WebDriver.manage()&amp;quot; because &amp;quot;this.driver&amp;quot; is null">
      <![CDATA[java.lang.NullPointerException: Cannot invoke "org.openqa.selenium.WebDriver.manage()" because "this.driver" is null
at rahulshetty.TestComponent.BaseTest.initializeDriver(BaseTest.java:70)
at rahulshetty.TestComponent.BaseTest.launchApplication(BaseTest.java:108)
at java.base/java.util.concurrent.FutureTask.run(FutureTask.java:317)
at java.base/java.util.concurrent.ThreadPoolExecutor.runWorker(ThreadPoolExecutor.java:1144)
at java.base/java.util.concurrent.ThreadPoolExecutor$Worker.run(ThreadPoolExecutor.java:642)
at java.base/java.lang.Thread.run(Thread.java:1583)
... Removed 17 stack frames]]>
    </failure>
  </testcase> <!-- @BeforeMethod launchApplication -->
  <testcase classname="rahulshetty.test.ErrorValidations" name="ProductValueValidation" time="0.0">
    <skipped/>
  </testcase> <!-- ProductValueValidation -->
  <testcase classname="rahulshetty.test.ErrorValidations" name="validateErrorMessage" time="0.0">
    <skipped/>
  </testcase> <!-- validateErrorMessage -->
</testsuite> <!-- Error Validations Test -->
